This file contains any messages produced by compilers while
running configure, to aid debugging if configure makes a mistake.

configure:600: checking for non-GNU ld
configure:635: checking if the linker (/usr/bin/ld) is GNU ld
configure:684: checking for a BSD compatible install
configure:737: checking whether build environment is sane
configure:794: checking whether make sets ${MAKE}
configure:840: checking for working aclocal-1.4
configure:853: checking for working autoconf
configure:866: checking for working automake-1.4
configure:879: checking for working autoheader
configure:892: checking for working makeinfo
configure:914: checking for c++
configure:946: checking whether the C++ compiler (g++  ) works
configure:962: g++ -o conftest    conftest.C  1>&5
configure:988: checking whether the C++ compiler (g++  ) is a cross-compiler
configure:993: checking whether we are using GNU C++
configure:1021: checking whether g++ accepts -g
configure:1055: checking how to run the C preprocessor
configure:1136: checking for inttypes.h
configure:1171: checking for stdint.h
configure:1206: checking for unsigned long long
configure:1257: checking for shared library run path origin
configure:1302: checking whether NLS is requested
configure:1317: checking for gcc
configure:1430: checking whether the C compiler (gcc  ) works
configure:1446: gcc -o conftest    conftest.c  1>&5
configure:1472: checking whether the C compiler (gcc  ) is a cross-compiler
configure:1477: checking whether we are using GNU C
configure:1505: checking whether gcc accepts -g
configure:1543: checking host system type
configure:1566: checking for ranlib
configure:1595: checking for strerror in -lcposix
configure:1637: checking for ANSI C header files
configure:1741: checking for working const
configure:1816: checking for inline
configure:1856: checking for off_t
configure:1889: checking for size_t
configure:1924: checking for working alloca.h
configure:1957: checking for alloca
configure:2159: checking for unistd.h
configure:2198: checking for getpagesize
configure:2251: checking for working mmap
configure:2423: checking whether we are using the GNU C Library 2.1 or newer
configure:2461: checking whether integer division by zero raises SIGFPE
configure:2564: checking for inttypes.h
configure:2603: checking whether the inttypes.h PRIxNN macros are broken
configure:3060: checking for msgfmt
configure:3098: checking for gmsgfmt
configure:3164: checking for xgettext
configure:3233: checking for msgmerge
configure:3299: checking for argz.h
configure:3299: checking for limits.h
configure:3299: checking for locale.h
configure:3299: checking for nl_types.h
configure:3299: checking for malloc.h
configure:3299: checking for stddef.h
configure:3299: checking for stdlib.h
configure:3299: checking for string.h
configure:3299: checking for unistd.h
configure:3299: checking for sys/param.h
configure:3341: checking for feof_unlocked
configure:3341: checking for fgets_unlocked
configure:3341: checking for getc_unlocked
configure:3341: checking for getcwd
configure:3341: checking for getegid
configure:3341: checking for geteuid
configure:3341: checking for getgid
configure:3341: checking for getuid
configure:3341: checking for mempcpy
configure:3341: checking for munmap
configure:3341: checking for putenv
configure:3341: checking for setenv
configure:3341: checking for setlocale
configure:3341: checking for stpcpy
configure:3341: checking for strcasecmp
configure:3341: checking for strdup
configure:3341: checking for strtoul
configure:3341: checking for tsearch
configure:3341: checking for __argz_count
configure:3341: checking for __argz_stringify
configure:3341: checking for __argz_next
configure:3341: checking for __fsetlocking
configure:3425: checking for iconv
configure:3500: checking for iconv declaration
configure:3549: checking for nl_langinfo and CODESET
configure:3585: checking for LC_MESSAGES
configure:3624: checking for bison
configure:3657: checking version of bison
configure:3687: checking whether NLS is requested
configure:3712: checking whether included gettext is requested
configure:3732: checking for GNU gettext in libc
configure:4254: checking whether to use NLS
configure:4258: checking where the gettext function comes from
configure:4401: checking for pkg-config
configure:4449: checking for GTK+ - version >= 2.0.0
configure:4559: gcc -o conftest -g -O2 -I/usr/include/gtk-2.0 -I/usr/lib/gtk-2.0/include -I/usr/X11R6/include -I/usr/include/atk-1.0 -I/usr/include/pango-1.0 -I/usr/include/freetype2 -I/usr/include/glib-2.0 -I/usr/lib/glib-2.0/include      conftest.c -Wl,--export-dynamic -lgtk-x11-2.0 -lgdk-x11-2.0 -latk-1.0 -lgdk_pixbuf-2.0 -lm -lpangoxft-1.0 -lpangox-1.0 -lpango-1.0 -lgobject-2.0 -lgmodule-2.0 -ldl -lglib-2.0    1>&5
configure:4665: checking for iconv
configure:4740: checking for iconv declaration
